<?xml version="1.0" encoding="UTF-8"?>
<robot generator="Robot 6.0.2 (Python 3.11.1 on darwin)" generated="20230412 20:59:00.875" rpa="false" schemaversion="3">
<suite id="s1" name="RobotSeleniumTest" source="/Users/fatimazza/Belajar/QualityAssurance/RobotSeleniumTest">
<suite id="s1-s1" name="Step" source="/Users/fatimazza/Belajar/QualityAssurance/RobotSeleniumTest/step">
<suite id="s1-s1-s1" name="Test Login" source="/Users/fatimazza/Belajar/QualityAssurance/RobotSeleniumTest/step/test_login.robot">
<test id="s1-s1-s1-t1" name="User Login with Valid Data" line="22">
<kw name="Open The Browser" type="SETUP">
<kw name="Open Browser" library="SeleniumLibrary">
<arg>${url}</arg>
<arg>${browser}</arg>
<doc>Opens a new browser instance to the optional ``url``.</doc>
<msg timestamp="20230412 20:59:01.242" level="INFO">Opening browser 'safari' to base url 'https://www.saucedemo.com/'.</msg>
<status status="PASS" starttime="20230412 20:59:01.242" endtime="20230412 20:59:43.713"/>
</kw>
<status status="PASS" starttime="20230412 20:59:01.241" endtime="20230412 20:59:43.714"/>
</kw>
<kw name="Input Username">
<kw name="Input Text" library="SeleniumLibrary">
<arg>${usernameField}</arg>
<arg>standard_user</arg>
<doc>Types the given ``text`` into the text field identified by ``locator``.</doc>
<msg timestamp="20230412 20:59:43.721" level="INFO">Typing text 'standard_user' into text field '//input[@id='user-name']'.</msg>
<status status="PASS" starttime="20230412 20:59:43.718" endtime="20230412 20:59:44.041"/>
</kw>
<status status="PASS" starttime="20230412 20:59:43.716" endtime="20230412 20:59:44.042"/>
</kw>
<kw name="Input Password">
<kw name="Input Text" library="SeleniumLibrary">
<arg>${passwordField}</arg>
<arg>secret_sauce</arg>
<doc>Types the given ``text`` into the text field identified by ``locator``.</doc>
<msg timestamp="20230412 20:59:44.043" level="INFO">Typing text 'secret_sauce' into text field '//input[@id='password']'.</msg>
<status status="PASS" starttime="20230412 20:59:44.042" endtime="20230412 20:59:44.678"/>
</kw>
<status status="PASS" starttime="20230412 20:59:44.042" endtime="20230412 20:59:44.678"/>
</kw>
<kw name="Click Button Login">
<kw name="Click Button" library="SeleniumLibrary">
<arg>${loginButton}</arg>
<doc>Clicks the button identified by ``locator``.</doc>
<msg timestamp="20230412 20:59:44.680" level="INFO">Clicking button '//input[@id='login-button']'.</msg>
<status status="PASS" starttime="20230412 20:59:44.679" endtime="20230412 20:59:44.834"/>
</kw>
<kw name="Sleep" library="BuiltIn">
<arg>3s</arg>
<doc>Pauses the test executed for the given time.</doc>
<msg timestamp="20230412 20:59:47.836" level="INFO">Slept 3 seconds</msg>
<status status="PASS" starttime="20230412 20:59:44.834" endtime="20230412 20:59:47.836"/>
</kw>
<status status="PASS" starttime="20230412 20:59:44.678" endtime="20230412 20:59:47.836"/>
</kw>
<kw name="Verify Login Website">
<kw name="Page Should Contain" library="SeleniumLibrary">
<arg>Products</arg>
<doc>Verifies that current page contains ``text``.</doc>
<msg timestamp="20230412 20:59:47.887" level="INFO">Current page contains text 'Products'.</msg>
<status status="PASS" starttime="20230412 20:59:47.837" endtime="20230412 20:59:47.888"/>
</kw>
<status status="PASS" starttime="20230412 20:59:47.836" endtime="20230412 20:59:47.888"/>
</kw>
<kw name="Verify First Product Available">
<kw name="Page Should Contain Element" library="SeleniumLibrary">
<arg>${firstProduct}</arg>
<doc>Verifies that element ``locator`` is found on the current page.</doc>
<msg timestamp="20230412 20:59:47.908" level="INFO">Current page contains element '//div[@class='inventory_item_name' and text()='Sauce Labs Backpack']'.</msg>
<status status="PASS" starttime="20230412 20:59:47.888" endtime="20230412 20:59:47.908"/>
</kw>
<status status="PASS" starttime="20230412 20:59:47.888" endtime="20230412 20:59:47.909"/>
</kw>
<kw name="Close Browser" library="SeleniumLibrary" type="TEARDOWN">
<doc>Closes the current browser.</doc>
<status status="PASS" starttime="20230412 20:59:47.909" endtime="20230412 20:59:48.137"/>
</kw>
<status status="PASS" starttime="20230412 20:59:01.241" endtime="20230412 20:59:48.138"/>
</test>
<test id="s1-s1-s1-t2" name="User Login with Invalid Data" line="31">
<kw name="Open The Browser" type="SETUP">
<kw name="Open Browser" library="SeleniumLibrary">
<arg>${url}</arg>
<arg>${browser}</arg>
<doc>Opens a new browser instance to the optional ``url``.</doc>
<msg timestamp="20230412 20:59:48.141" level="INFO">Opening browser 'safari' to base url 'https://www.saucedemo.com/'.</msg>
<status status="PASS" starttime="20230412 20:59:48.140" endtime="20230412 21:00:02.836"/>
</kw>
<status status="PASS" starttime="20230412 20:59:48.139" endtime="20230412 21:00:02.836"/>
</kw>
<kw name="Input Username Wrong">
<kw name="Input Text" library="SeleniumLibrary">
<arg>${usernameField}</arg>
<arg>random_user</arg>
<doc>Types the given ``text`` into the text field identified by ``locator``.</doc>
<msg timestamp="20230412 21:00:02.839" level="INFO">Typing text 'random_user' into text field '//input[@id='user-name']'.</msg>
<status status="PASS" starttime="20230412 21:00:02.838" endtime="20230412 21:00:03.024"/>
</kw>
<status status="PASS" starttime="20230412 21:00:02.837" endtime="20230412 21:00:03.024"/>
</kw>
<kw name="Input Password">
<kw name="Input Text" library="SeleniumLibrary">
<arg>${passwordField}</arg>
<arg>secret_sauce</arg>
<doc>Types the given ``text`` into the text field identified by ``locator``.</doc>
<msg timestamp="20230412 21:00:03.025" level="INFO">Typing text 'secret_sauce' into text field '//input[@id='password']'.</msg>
<status status="PASS" starttime="20230412 21:00:03.025" endtime="20230412 21:00:03.230"/>
</kw>
<status status="PASS" starttime="20230412 21:00:03.024" endtime="20230412 21:00:03.230"/>
</kw>
<kw name="Click Button Login">
<kw name="Click Button" library="SeleniumLibrary">
<arg>${loginButton}</arg>
<doc>Clicks the button identified by ``locator``.</doc>
<msg timestamp="20230412 21:00:03.232" level="INFO">Clicking button '//input[@id='login-button']'.</msg>
<status status="PASS" starttime="20230412 21:00:03.232" endtime="20230412 21:00:03.319"/>
</kw>
<kw name="Sleep" library="BuiltIn">
<arg>3s</arg>
<doc>Pauses the test executed for the given time.</doc>
<msg timestamp="20230412 21:00:06.320" level="INFO">Slept 3 seconds</msg>
<status status="PASS" starttime="20230412 21:00:03.319" endtime="20230412 21:00:06.320"/>
</kw>
<status status="PASS" starttime="20230412 21:00:03.231" endtime="20230412 21:00:06.321"/>
</kw>
<kw name="Verify Wrong User">
<kw name="Page Should Contain" library="SeleniumLibrary">
<arg>do not match any user</arg>
<doc>Verifies that current page contains ``text``.</doc>
<msg timestamp="20230412 21:00:06.349" level="INFO">Current page contains text 'do not match any user'.</msg>
<status status="PASS" starttime="20230412 21:00:06.321" endtime="20230412 21:00:06.349"/>
</kw>
<status status="PASS" starttime="20230412 21:00:06.321" endtime="20230412 21:00:06.349"/>
</kw>
<kw name="Close Browser" library="SeleniumLibrary" type="TEARDOWN">
<doc>Closes the current browser.</doc>
<status status="PASS" starttime="20230412 21:00:06.349" endtime="20230412 21:00:06.386"/>
</kw>
<status status="PASS" starttime="20230412 20:59:48.138" endtime="20230412 21:00:06.386"/>
</test>
<test id="s1-s1-s1-t3" name="User Logout" line="39">
<kw name="Open The Browser" type="SETUP">
<kw name="Open Browser" library="SeleniumLibrary">
<arg>${url}</arg>
<arg>${browser}</arg>
<doc>Opens a new browser instance to the optional ``url``.</doc>
<msg timestamp="20230412 21:00:06.388" level="INFO">Opening browser 'safari' to base url 'https://www.saucedemo.com/'.</msg>
<status status="PASS" starttime="20230412 21:00:06.388" endtime="20230412 21:00:17.122"/>
</kw>
<status status="PASS" starttime="20230412 21:00:06.387" endtime="20230412 21:00:17.122"/>
</kw>
<kw name="Input Username">
<kw name="Input Text" library="SeleniumLibrary">
<arg>${usernameField}</arg>
<arg>standard_user</arg>
<doc>Types the given ``text`` into the text field identified by ``locator``.</doc>
<msg timestamp="20230412 21:00:17.132" level="INFO">Typing text 'standard_user' into text field '//input[@id='user-name']'.</msg>
<status status="PASS" starttime="20230412 21:00:17.131" endtime="20230412 21:00:17.469"/>
</kw>
<status status="PASS" starttime="20230412 21:00:17.125" endtime="20230412 21:00:17.469"/>
</kw>
<kw name="Input Password">
<kw name="Input Text" library="SeleniumLibrary">
<arg>${passwordField}</arg>
<arg>secret_sauce</arg>
<doc>Types the given ``text`` into the text field identified by ``locator``.</doc>
<msg timestamp="20230412 21:00:17.471" level="INFO">Typing text 'secret_sauce' into text field '//input[@id='password']'.</msg>
<status status="PASS" starttime="20230412 21:00:17.470" endtime="20230412 21:00:17.585"/>
</kw>
<status status="PASS" starttime="20230412 21:00:17.470" endtime="20230412 21:00:17.585"/>
</kw>
<kw name="Click Button Login">
<kw name="Click Button" library="SeleniumLibrary">
<arg>${loginButton}</arg>
<doc>Clicks the button identified by ``locator``.</doc>
<msg timestamp="20230412 21:00:17.587" level="INFO">Clicking button '//input[@id='login-button']'.</msg>
<status status="PASS" starttime="20230412 21:00:17.586" endtime="20230412 21:00:17.686"/>
</kw>
<kw name="Sleep" library="BuiltIn">
<arg>3s</arg>
<doc>Pauses the test executed for the given time.</doc>
<msg timestamp="20230412 21:00:20.687" level="INFO">Slept 3 seconds</msg>
<status status="PASS" starttime="20230412 21:00:17.686" endtime="20230412 21:00:20.687"/>
</kw>
<status status="PASS" starttime="20230412 21:00:17.586" endtime="20230412 21:00:20.688"/>
</kw>
<kw name="Click Hamburger Menu">
<kw name="Click Button" library="SeleniumLibrary">
<arg>${hamburgerMenu}</arg>
<doc>Clicks the button identified by ``locator``.</doc>
<msg timestamp="20230412 21:00:20.692" level="INFO">Clicking button 'react-burger-menu-btn'.</msg>
<status status="PASS" starttime="20230412 21:00:20.689" endtime="20230412 21:00:20.753"/>
</kw>
<kw name="Sleep" library="BuiltIn">
<arg>3s</arg>
<doc>Pauses the test executed for the given time.</doc>
<msg timestamp="20230412 21:00:23.754" level="INFO">Slept 3 seconds</msg>
<status status="PASS" starttime="20230412 21:00:20.754" endtime="20230412 21:00:23.754"/>
</kw>
<status status="PASS" starttime="20230412 21:00:20.688" endtime="20230412 21:00:23.755"/>
</kw>
<kw name="Click Logout Button">
<kw name="Click Link" library="SeleniumLibrary">
<arg>${logoutLink}</arg>
<doc>Clicks a link identified by ``locator``.</doc>
<msg timestamp="20230412 21:00:23.756" level="INFO">Clicking link '//a[contains(text(),'Logout')]'.</msg>
<status status="PASS" starttime="20230412 21:00:23.756" endtime="20230412 21:00:23.803"/>
</kw>
<kw name="Sleep" library="BuiltIn">
<arg>5s</arg>
<doc>Pauses the test executed for the given time.</doc>
<msg timestamp="20230412 21:00:28.804" level="INFO">Slept 5 seconds</msg>
<status status="PASS" starttime="20230412 21:00:23.803" endtime="20230412 21:00:28.804"/>
</kw>
<status status="PASS" starttime="20230412 21:00:23.755" endtime="20230412 21:00:28.804"/>
</kw>
<kw name="Verify Logout Website">
<kw name="Page Should Contain Button" library="SeleniumLibrary">
<arg>${loginButton}</arg>
<doc>Verifies button ``locator`` is found from current page.</doc>
<msg timestamp="20230412 21:00:28.833" level="INFO">Current page contains input '//input[@id='login-button']'.</msg>
<status status="PASS" starttime="20230412 21:00:28.805" endtime="20230412 21:00:28.833"/>
</kw>
<status status="PASS" starttime="20230412 21:00:28.804" endtime="20230412 21:00:28.834"/>
</kw>
<kw name="Close Browser" library="SeleniumLibrary" type="TEARDOWN">
<doc>Closes the current browser.</doc>
<status status="PASS" starttime="20230412 21:00:28.834" endtime="20230412 21:00:28.872"/>
</kw>
<status status="PASS" starttime="20230412 21:00:06.387" endtime="20230412 21:00:28.872"/>
</test>
<status status="PASS" starttime="20230412 20:59:00.911" endtime="20230412 21:00:28.874"/>
</suite>
<suite id="s1-s1-s2" name="Test Product" source="/Users/fatimazza/Belajar/QualityAssurance/RobotSeleniumTest/step/test_product.robot">
<test id="s1-s1-s2-t1" name="User Open Product Detail" line="15">
<kw name="Open The Browser" type="SETUP">
<kw name="Open Browser" library="SeleniumLibrary">
<arg>${url}</arg>
<arg>${browser}</arg>
<doc>Opens a new browser instance to the optional ``url``.</doc>
<msg timestamp="20230412 21:00:28.902" level="INFO">Opening browser 'safari' to base url 'https://www.saucedemo.com/'.</msg>
<status status="PASS" starttime="20230412 21:00:28.901" endtime="20230412 21:00:34.973"/>
</kw>
<status status="PASS" starttime="20230412 21:00:28.901" endtime="20230412 21:00:34.974"/>
</kw>
<kw name="Input Username">
<kw name="Input Text" library="SeleniumLibrary">
<arg>${usernameField}</arg>
<arg>standard_user</arg>
<doc>Types the given ``text`` into the text field identified by ``locator``.</doc>
<msg timestamp="20230412 21:00:34.976" level="INFO">Typing text 'standard_user' into text field '//input[@id='user-name']'.</msg>
<status status="PASS" starttime="20230412 21:00:34.975" endtime="20230412 21:00:35.208"/>
</kw>
<status status="PASS" starttime="20230412 21:00:34.974" endtime="20230412 21:00:35.208"/>
</kw>
<kw name="Input Password">
<kw name="Input Text" library="SeleniumLibrary">
<arg>${passwordField}</arg>
<arg>secret_sauce</arg>
<doc>Types the given ``text`` into the text field identified by ``locator``.</doc>
<msg timestamp="20230412 21:00:35.211" level="INFO">Typing text 'secret_sauce' into text field '//input[@id='password']'.</msg>
<status status="PASS" starttime="20230412 21:00:35.209" endtime="20230412 21:00:35.352"/>
</kw>
<status status="PASS" starttime="20230412 21:00:35.208" endtime="20230412 21:00:35.352"/>
</kw>
<kw name="Click Button Login">
<kw name="Click Button" library="SeleniumLibrary">
<arg>${loginButton}</arg>
<doc>Clicks the button identified by ``locator``.</doc>
<msg timestamp="20230412 21:00:35.353" level="INFO">Clicking button '//input[@id='login-button']'.</msg>
<status status="PASS" starttime="20230412 21:00:35.353" endtime="20230412 21:00:35.478"/>
</kw>
<kw name="Sleep" library="BuiltIn">
<arg>3s</arg>
<doc>Pauses the test executed for the given time.</doc>
<msg timestamp="20230412 21:00:38.481" level="INFO">Slept 3 seconds</msg>
<status status="PASS" starttime="20230412 21:00:35.480" endtime="20230412 21:00:38.481"/>
</kw>
<status status="PASS" starttime="20230412 21:00:35.352" endtime="20230412 21:00:38.482"/>
</kw>
<kw name="Verify Login Website">
<kw name="Page Should Contain" library="SeleniumLibrary">
<arg>Products</arg>
<doc>Verifies that current page contains ``text``.</doc>
<msg timestamp="20230412 21:00:38.510" level="INFO">Current page contains text 'Products'.</msg>
<status status="PASS" starttime="20230412 21:00:38.482" endtime="20230412 21:00:38.510"/>
</kw>
<status status="PASS" starttime="20230412 21:00:38.482" endtime="20230412 21:00:38.510"/>
</kw>
<kw name="Click Third Product">
<kw name="Click Element" library="SeleniumLibrary">
<arg>${thirdProduct}</arg>
<doc>Click the element identified by ``locator``.</doc>
<msg timestamp="20230412 21:00:38.512" level="INFO">Clicking element 'css=.inventory_list .inventory_item:nth-of-type(3) .inventory_item_name'.</msg>
<status status="PASS" starttime="20230412 21:00:38.511" endtime="20230412 21:00:38.602"/>
</kw>
<kw name="Sleep" library="BuiltIn">
<arg>3s</arg>
<doc>Pauses the test executed for the given time.</doc>
<msg timestamp="20230412 21:00:41.603" level="INFO">Slept 3 seconds</msg>
<status status="PASS" starttime="20230412 21:00:38.602" endtime="20230412 21:00:41.603"/>
</kw>
<status status="PASS" starttime="20230412 21:00:38.511" endtime="20230412 21:00:41.604"/>
</kw>
<kw name="Verify Third Product Detail">
<kw name="Element Text Should Be" library="SeleniumLibrary">
<arg>${productDetailName}</arg>
<arg>Sauce Labs Bolt T-Shirt</arg>
<doc>Verifies that element ``locator`` contains exact the text ``expected``.</doc>
<msg timestamp="20230412 21:00:41.605" level="INFO">Verifying element 'css=div.inventory_details_name' contains exact text 'Sauce Labs Bolt T-Shirt'.</msg>
<status status="PASS" starttime="20230412 21:00:41.604" endtime="20230412 21:00:41.648"/>
</kw>
<kw name="Element Should Contain" library="SeleniumLibrary">
<arg>${productDetailDesc}</arg>
<arg>Get your testing superhero on with the Sauce Labs bolt T-shirt</arg>
<doc>Verifies that element ``locator`` contains text ``expected``.</doc>
<msg timestamp="20230412 21:00:41.662" level="INFO">Element 'css=div.inventory_details_desc' contains text 'Get your testing superhero on with the Sauce Labs bolt T-shirt'.</msg>
<status status="PASS" starttime="20230412 21:00:41.648" endtime="20230412 21:00:41.663"/>
</kw>
<kw name="Element Text Should Be" library="SeleniumLibrary">
<arg>${productDetailPrice}</arg>
<arg>$15.99</arg>
<doc>Verifies that element ``locator`` contains exact the text ``expected``.</doc>
<msg timestamp="20230412 21:00:41.664" level="INFO">Verifying element 'css=div.inventory_details_price' contains exact text '$15.99'.</msg>
<status status="PASS" starttime="20230412 21:00:41.663" endtime="20230412 21:00:41.676"/>
</kw>
<status status="PASS" starttime="20230412 21:00:41.604" endtime="20230412 21:00:41.676"/>
</kw>
<kw name="Close Browser" library="SeleniumLibrary" type="TEARDOWN">
<doc>Closes the current browser.</doc>
<status status="PASS" starttime="20230412 21:00:41.677" endtime="20230412 21:00:41.907"/>
</kw>
<status status="PASS" starttime="20230412 21:00:28.900" endtime="20230412 21:00:41.908"/>
</test>
<test id="s1-s1-s2-t2" name="User Add Product to Cart" line="25">
<kw name="Open The Browser" type="SETUP">
<kw name="Open Browser" library="SeleniumLibrary">
<arg>${url}</arg>
<arg>${browser}</arg>
<doc>Opens a new browser instance to the optional ``url``.</doc>
<msg timestamp="20230412 21:00:41.911" level="INFO">Opening browser 'safari' to base url 'https://www.saucedemo.com/'.</msg>
<status status="PASS" starttime="20230412 21:00:41.910" endtime="20230412 21:00:45.998"/>
</kw>
<status status="PASS" starttime="20230412 21:00:41.909" endtime="20230412 21:00:45.999"/>
</kw>
<kw name="Input Username">
<kw name="Input Text" library="SeleniumLibrary">
<arg>${usernameField}</arg>
<arg>standard_user</arg>
<doc>Types the given ``text`` into the text field identified by ``locator``.</doc>
<msg timestamp="20230412 21:00:46.005" level="INFO">Typing text 'standard_user' into text field '//input[@id='user-name']'.</msg>
<status status="PASS" starttime="20230412 21:00:46.001" endtime="20230412 21:00:46.235"/>
</kw>
<status status="PASS" starttime="20230412 21:00:46.000" endtime="20230412 21:00:46.236"/>
</kw>
<kw name="Input Password">
<kw name="Input Text" library="SeleniumLibrary">
<arg>${passwordField}</arg>
<arg>secret_sauce</arg>
<doc>Types the given ``text`` into the text field identified by ``locator``.</doc>
<msg timestamp="20230412 21:00:46.237" level="INFO">Typing text 'secret_sauce' into text field '//input[@id='password']'.</msg>
<status status="PASS" starttime="20230412 21:00:46.237" endtime="20230412 21:00:46.425"/>
</kw>
<status status="PASS" starttime="20230412 21:00:46.236" endtime="20230412 21:00:46.426"/>
</kw>
<kw name="Click Button Login">
<kw name="Click Button" library="SeleniumLibrary">
<arg>${loginButton}</arg>
<doc>Clicks the button identified by ``locator``.</doc>
<msg timestamp="20230412 21:00:46.432" level="INFO">Clicking button '//input[@id='login-button']'.</msg>
<status status="PASS" starttime="20230412 21:00:46.427" endtime="20230412 21:00:46.531"/>
</kw>
<kw name="Sleep" library="BuiltIn">
<arg>3s</arg>
<doc>Pauses the test executed for the given time.</doc>
<msg timestamp="20230412 21:00:49.533" level="INFO">Slept 3 seconds</msg>
<status status="PASS" starttime="20230412 21:00:46.532" endtime="20230412 21:00:49.533"/>
</kw>
<status status="PASS" starttime="20230412 21:00:46.426" endtime="20230412 21:00:49.533"/>
</kw>
<kw name="Click Third Product">
<kw name="Click Element" library="SeleniumLibrary">
<arg>${thirdProduct}</arg>
<doc>Click the element identified by ``locator``.</doc>
<msg timestamp="20230412 21:00:49.535" level="INFO">Clicking element 'css=.inventory_list .inventory_item:nth-of-type(3) .inventory_item_name'.</msg>
<status status="PASS" starttime="20230412 21:00:49.534" endtime="20230412 21:00:49.607"/>
</kw>
<kw name="Sleep" library="BuiltIn">
<arg>3s</arg>
<doc>Pauses the test executed for the given time.</doc>
<msg timestamp="20230412 21:00:52.610" level="INFO">Slept 3 seconds</msg>
<status status="PASS" starttime="20230412 21:00:49.608" endtime="20230412 21:00:52.610"/>
</kw>
<status status="PASS" starttime="20230412 21:00:49.534" endtime="20230412 21:00:52.611"/>
</kw>
<kw name="Add Product to Cart">
<kw name="Click Element" library="SeleniumLibrary">
<arg>${addToCartButton}</arg>
<doc>Click the element identified by ``locator``.</doc>
<msg timestamp="20230412 21:00:52.612" level="INFO">Clicking element '//button[@class='btn btn_primary btn_small btn_inventory']'.</msg>
<status status="PASS" starttime="20230412 21:00:52.611" endtime="20230412 21:00:52.666"/>
</kw>
<kw name="Sleep" library="BuiltIn">
<arg>3s</arg>
<doc>Pauses the test executed for the given time.</doc>
<msg timestamp="20230412 21:00:55.667" level="INFO">Slept 3 seconds</msg>
<status status="PASS" starttime="20230412 21:00:52.666" endtime="20230412 21:00:55.667"/>
</kw>
<status status="PASS" starttime="20230412 21:00:52.611" endtime="20230412 21:00:55.667"/>
</kw>
<kw name="Open Cart Page">
<kw name="Click Element" library="SeleniumLibrary">
<arg>${shoppingCartButton}</arg>
<doc>Click the element identified by ``locator``.</doc>
<msg timestamp="20230412 21:00:55.669" level="INFO">Clicking element 'id=shopping_cart_container'.</msg>
<status status="PASS" starttime="20230412 21:00:55.668" endtime="20230412 21:00:55.753"/>
</kw>
<kw name="Sleep" library="BuiltIn">
<arg>3s</arg>
<doc>Pauses the test executed for the given time.</doc>
<msg timestamp="20230412 21:00:58.754" level="INFO">Slept 3 seconds</msg>
<status status="PASS" starttime="20230412 21:00:55.754" endtime="20230412 21:00:58.754"/>
</kw>
<status status="PASS" starttime="20230412 21:00:55.668" endtime="20230412 21:00:58.755"/>
</kw>
<kw name="Verify Product in Cart">
<kw name="Element Text Should Be" library="SeleniumLibrary">
<arg>${cartProductName}</arg>
<arg>Sauce Labs Bolt T-Shirt</arg>
<doc>Verifies that element ``locator`` contains exact the text ``expected``.</doc>
<msg timestamp="20230412 21:00:58.757" level="INFO">Verifying element 'css=div.inventory_item_name' contains exact text 'Sauce Labs Bolt T-Shirt'.</msg>
<status status="PASS" starttime="20230412 21:00:58.756" endtime="20230412 21:00:58.787"/>
</kw>
<kw name="Element Text Should Be" library="SeleniumLibrary">
<arg>${cartProductQuantity}</arg>
<arg>1</arg>
<doc>Verifies that element ``locator`` contains exact the text ``expected``.</doc>
<msg timestamp="20230412 21:00:58.789" level="INFO">Verifying element 'css=div.cart_quantity' contains exact text '1'.</msg>
<status status="PASS" starttime="20230412 21:00:58.787" endtime="20230412 21:00:58.808"/>
</kw>
<status status="PASS" starttime="20230412 21:00:58.755" endtime="20230412 21:00:58.808"/>
</kw>
<kw name="Close Browser" library="SeleniumLibrary" type="TEARDOWN">
<doc>Closes the current browser.</doc>
<status status="PASS" starttime="20230412 21:00:58.809" endtime="20230412 21:00:59.032"/>
</kw>
<status status="PASS" starttime="20230412 21:00:41.909" endtime="20230412 21:00:59.033"/>
</test>
<status status="PASS" starttime="20230412 21:00:28.878" endtime="20230412 21:00:59.033"/>
</suite>
<status status="PASS" starttime="20230412 20:59:00.909" endtime="20230412 21:00:59.035"/>
</suite>
<status status="PASS" starttime="20230412 20:59:00.876" endtime="20230412 21:00:59.037"/>
</suite>
<statistics>
<total>
<stat pass="5" fail="0" skip="0">All Tests</stat>
</total>
<tag>
</tag>
<suite>
<stat pass="5" fail="0" skip="0" id="s1" name="RobotSeleniumTest">RobotSeleniumTest</stat>
<stat pass="5" fail="0" skip="0" id="s1-s1" name="Step">RobotSeleniumTest.Step</stat>
<stat pass="3" fail="0" skip="0" id="s1-s1-s1" name="Test Login">RobotSeleniumTest.Step.Test Login</stat>
<stat pass="2" fail="0" skip="0" id="s1-s1-s2" name="Test Product">RobotSeleniumTest.Step.Test Product</stat>
</suite>
</statistics>
<errors>
</errors>
</robot>
