<?xml version="1.0" encoding="UTF-8"?>
<robot generator="Robot 6.0.2 (Python 3.11.1 on darwin)" generated="20230412 19:48:46.876" rpa="false" schemaversion="3">
<suite id="s1" name="RobotSeleniumTest" source="/Users/fatimazza/Belajar/QualityAssurance/RobotSeleniumTest">
<suite id="s1-s1" name="Step" source="/Users/fatimazza/Belajar/QualityAssurance/RobotSeleniumTest/step">
<suite id="s1-s1-s1" name="Test Login" source="/Users/fatimazza/Belajar/QualityAssurance/RobotSeleniumTest/step/test_login.robot">
<test id="s1-s1-s1-t1" name="User Login with Valid Data" line="22">
<kw name="Open The Browser" type="SETUP">
<kw name="Open Browser" library="SeleniumLibrary">
<arg>${url}</arg>
<arg>${browser}</arg>
<doc>Opens a new browser instance to the optional ``url``.</doc>
<msg timestamp="20230412 19:48:47.236" level="INFO">Opening browser 'chrome' to base url 'https://www.saucedemo.com/'.</msg>
<status status="PASS" starttime="20230412 19:48:47.235" endtime="20230412 19:48:51.812"/>
</kw>
<status status="PASS" starttime="20230412 19:48:47.235" endtime="20230412 19:48:51.813"/>
</kw>
<kw name="Input Username">
<kw name="Input Text" library="SeleniumLibrary">
<arg>${usernameField}</arg>
<arg>standard_user</arg>
<doc>Types the given ``text`` into the text field identified by ``locator``.</doc>
<msg timestamp="20230412 19:48:51.824" level="INFO">Typing text 'standard_user' into text field '//input[@id='user-name']'.</msg>
<status status="PASS" starttime="20230412 19:48:51.816" endtime="20230412 19:48:52.293"/>
</kw>
<status status="PASS" starttime="20230412 19:48:51.814" endtime="20230412 19:48:52.293"/>
</kw>
<kw name="Input Password">
<kw name="Input Text" library="SeleniumLibrary">
<arg>${passwordField}</arg>
<arg>secret_sauce</arg>
<doc>Types the given ``text`` into the text field identified by ``locator``.</doc>
<msg timestamp="20230412 19:48:52.295" level="INFO">Typing text 'secret_sauce' into text field '//input[@id='password']'.</msg>
<status status="PASS" starttime="20230412 19:48:52.294" endtime="20230412 19:48:52.474"/>
</kw>
<status status="PASS" starttime="20230412 19:48:52.294" endtime="20230412 19:48:52.474"/>
</kw>
<kw name="Click Button Login">
<kw name="Click Button" library="SeleniumLibrary">
<arg>${loginButton}</arg>
<doc>Clicks the button identified by ``locator``.</doc>
<msg timestamp="20230412 19:48:52.476" level="INFO">Clicking button '//input[@id='login-button']'.</msg>
<status status="PASS" starttime="20230412 19:48:52.475" endtime="20230412 19:48:52.704"/>
</kw>
<kw name="Sleep" library="BuiltIn">
<arg>3s</arg>
<doc>Pauses the test executed for the given time.</doc>
<msg timestamp="20230412 19:48:55.708" level="INFO">Slept 3 seconds</msg>
<status status="PASS" starttime="20230412 19:48:52.705" endtime="20230412 19:48:55.708"/>
</kw>
<status status="PASS" starttime="20230412 19:48:52.475" endtime="20230412 19:48:55.709"/>
</kw>
<kw name="Verify Login Website">
<kw name="Page Should Contain" library="SeleniumLibrary">
<arg>Products</arg>
<doc>Verifies that current page contains ``text``.</doc>
<msg timestamp="20230412 19:48:55.732" level="INFO">Current page contains text 'Products'.</msg>
<status status="PASS" starttime="20230412 19:48:55.709" endtime="20230412 19:48:55.732"/>
</kw>
<status status="PASS" starttime="20230412 19:48:55.709" endtime="20230412 19:48:55.732"/>
</kw>
<kw name="Verify First Product Available">
<kw name="Page Should Contain Element" library="SeleniumLibrary">
<arg>${firstProduct}</arg>
<doc>Verifies that element ``locator`` is found on the current page.</doc>
<msg timestamp="20230412 19:48:55.751" level="INFO">Current page contains element '//div[@class='inventory_item_name' and text()='Sauce Labs Backpack']'.</msg>
<status status="PASS" starttime="20230412 19:48:55.734" endtime="20230412 19:48:55.751"/>
</kw>
<status status="PASS" starttime="20230412 19:48:55.733" endtime="20230412 19:48:55.751"/>
</kw>
<kw name="Close Browser" library="SeleniumLibrary" type="TEARDOWN">
<doc>Closes the current browser.</doc>
<status status="PASS" starttime="20230412 19:48:55.752" endtime="20230412 19:48:55.940"/>
</kw>
<status status="PASS" starttime="20230412 19:48:47.234" endtime="20230412 19:48:55.941"/>
</test>
<test id="s1-s1-s1-t2" name="User Login with Invalid Data" line="31">
<kw name="Open The Browser" type="SETUP">
<kw name="Open Browser" library="SeleniumLibrary">
<arg>${url}</arg>
<arg>${browser}</arg>
<doc>Opens a new browser instance to the optional ``url``.</doc>
<msg timestamp="20230412 19:48:55.945" level="INFO">Opening browser 'chrome' to base url 'https://www.saucedemo.com/'.</msg>
<status status="PASS" starttime="20230412 19:48:55.944" endtime="20230412 19:49:00.105"/>
</kw>
<status status="PASS" starttime="20230412 19:48:55.943" endtime="20230412 19:49:00.106"/>
</kw>
<kw name="Input Username Wrong">
<kw name="Input Text" library="SeleniumLibrary">
<arg>${usernameField}</arg>
<arg>random_user</arg>
<doc>Types the given ``text`` into the text field identified by ``locator``.</doc>
<msg timestamp="20230412 19:49:00.109" level="INFO">Typing text 'random_user' into text field '//input[@id='user-name']'.</msg>
<status status="PASS" starttime="20230412 19:49:00.108" endtime="20230412 19:49:00.399"/>
</kw>
<status status="PASS" starttime="20230412 19:49:00.106" endtime="20230412 19:49:00.400"/>
</kw>
<kw name="Input Password">
<kw name="Input Text" library="SeleniumLibrary">
<arg>${passwordField}</arg>
<arg>secret_sauce</arg>
<doc>Types the given ``text`` into the text field identified by ``locator``.</doc>
<msg timestamp="20230412 19:49:00.401" level="INFO">Typing text 'secret_sauce' into text field '//input[@id='password']'.</msg>
<status status="PASS" starttime="20230412 19:49:00.400" endtime="20230412 19:49:00.533"/>
</kw>
<status status="PASS" starttime="20230412 19:49:00.400" endtime="20230412 19:49:00.533"/>
</kw>
<kw name="Click Button Login">
<kw name="Click Button" library="SeleniumLibrary">
<arg>${loginButton}</arg>
<doc>Clicks the button identified by ``locator``.</doc>
<msg timestamp="20230412 19:49:00.535" level="INFO">Clicking button '//input[@id='login-button']'.</msg>
<status status="PASS" starttime="20230412 19:49:00.534" endtime="20230412 19:49:00.624"/>
</kw>
<kw name="Sleep" library="BuiltIn">
<arg>3s</arg>
<doc>Pauses the test executed for the given time.</doc>
<msg timestamp="20230412 19:49:03.626" level="INFO">Slept 3 seconds</msg>
<status status="PASS" starttime="20230412 19:49:00.625" endtime="20230412 19:49:03.626"/>
</kw>
<status status="PASS" starttime="20230412 19:49:00.533" endtime="20230412 19:49:03.626"/>
</kw>
<kw name="Verify Wrong User">
<kw name="Page Should Contain" library="SeleniumLibrary">
<arg>do not match any user</arg>
<doc>Verifies that current page contains ``text``.</doc>
<msg timestamp="20230412 19:49:03.646" level="INFO">Current page contains text 'do not match any user'.</msg>
<status status="PASS" starttime="20230412 19:49:03.627" endtime="20230412 19:49:03.646"/>
</kw>
<status status="PASS" starttime="20230412 19:49:03.627" endtime="20230412 19:49:03.646"/>
</kw>
<kw name="Close Browser" library="SeleniumLibrary" type="TEARDOWN">
<doc>Closes the current browser.</doc>
<status status="PASS" starttime="20230412 19:49:03.646" endtime="20230412 19:49:03.841"/>
</kw>
<status status="PASS" starttime="20230412 19:48:55.942" endtime="20230412 19:49:03.841"/>
</test>
<test id="s1-s1-s1-t3" name="User Logout" line="39">
<kw name="Open The Browser" type="SETUP">
<kw name="Open Browser" library="SeleniumLibrary">
<arg>${url}</arg>
<arg>${browser}</arg>
<doc>Opens a new browser instance to the optional ``url``.</doc>
<msg timestamp="20230412 19:49:03.844" level="INFO">Opening browser 'chrome' to base url 'https://www.saucedemo.com/'.</msg>
<status status="PASS" starttime="20230412 19:49:03.843" endtime="20230412 19:49:07.137"/>
</kw>
<status status="PASS" starttime="20230412 19:49:03.843" endtime="20230412 19:49:07.138"/>
</kw>
<kw name="Input Username">
<kw name="Input Text" library="SeleniumLibrary">
<arg>${usernameField}</arg>
<arg>standard_user</arg>
<doc>Types the given ``text`` into the text field identified by ``locator``.</doc>
<msg timestamp="20230412 19:49:07.142" level="INFO">Typing text 'standard_user' into text field '//input[@id='user-name']'.</msg>
<status status="PASS" starttime="20230412 19:49:07.139" endtime="20230412 19:49:07.457"/>
</kw>
<status status="PASS" starttime="20230412 19:49:07.139" endtime="20230412 19:49:07.457"/>
</kw>
<kw name="Input Password">
<kw name="Input Text" library="SeleniumLibrary">
<arg>${passwordField}</arg>
<arg>secret_sauce</arg>
<doc>Types the given ``text`` into the text field identified by ``locator``.</doc>
<msg timestamp="20230412 19:49:07.459" level="INFO">Typing text 'secret_sauce' into text field '//input[@id='password']'.</msg>
<status status="PASS" starttime="20230412 19:49:07.458" endtime="20230412 19:49:07.589"/>
</kw>
<status status="PASS" starttime="20230412 19:49:07.457" endtime="20230412 19:49:07.589"/>
</kw>
<kw name="Click Button Login">
<kw name="Click Button" library="SeleniumLibrary">
<arg>${loginButton}</arg>
<doc>Clicks the button identified by ``locator``.</doc>
<msg timestamp="20230412 19:49:07.591" level="INFO">Clicking button '//input[@id='login-button']'.</msg>
<status status="PASS" starttime="20230412 19:49:07.590" endtime="20230412 19:49:07.753"/>
</kw>
<kw name="Sleep" library="BuiltIn">
<arg>3s</arg>
<doc>Pauses the test executed for the given time.</doc>
<msg timestamp="20230412 19:49:10.754" level="INFO">Slept 3 seconds</msg>
<status status="PASS" starttime="20230412 19:49:07.753" endtime="20230412 19:49:10.755"/>
</kw>
<status status="PASS" starttime="20230412 19:49:07.590" endtime="20230412 19:49:10.755"/>
</kw>
<kw name="Click Hamburger Menu">
<kw name="Click Button" library="SeleniumLibrary">
<arg>${hamburgerMenu}</arg>
<doc>Clicks the button identified by ``locator``.</doc>
<msg timestamp="20230412 19:49:10.756" level="INFO">Clicking button 'react-burger-menu-btn'.</msg>
<status status="PASS" starttime="20230412 19:49:10.756" endtime="20230412 19:49:10.883"/>
</kw>
<kw name="Sleep" library="BuiltIn">
<arg>3s</arg>
<doc>Pauses the test executed for the given time.</doc>
<msg timestamp="20230412 19:49:13.883" level="INFO">Slept 3 seconds</msg>
<status status="PASS" starttime="20230412 19:49:10.883" endtime="20230412 19:49:13.883"/>
</kw>
<status status="PASS" starttime="20230412 19:49:10.755" endtime="20230412 19:49:13.884"/>
</kw>
<kw name="Click Logout Button">
<kw name="Click Link" library="SeleniumLibrary">
<arg>${logoutLink}</arg>
<doc>Clicks a link identified by ``locator``.</doc>
<msg timestamp="20230412 19:49:13.885" level="INFO">Clicking link '//a[contains(text(),'Logout')]'.</msg>
<status status="PASS" starttime="20230412 19:49:13.885" endtime="20230412 19:49:13.951"/>
</kw>
<kw name="Sleep" library="BuiltIn">
<arg>5s</arg>
<doc>Pauses the test executed for the given time.</doc>
<msg timestamp="20230412 19:49:18.955" level="INFO">Slept 5 seconds</msg>
<status status="PASS" starttime="20230412 19:49:13.952" endtime="20230412 19:49:18.955"/>
</kw>
<status status="PASS" starttime="20230412 19:49:13.884" endtime="20230412 19:49:18.955"/>
</kw>
<kw name="Verify Logout Website">
<kw name="Page Should Contain Button" library="SeleniumLibrary">
<arg>${loginButton}</arg>
<doc>Verifies button ``locator`` is found from current page.</doc>
<msg timestamp="20230412 19:49:18.975" level="INFO">Current page contains input '//input[@id='login-button']'.</msg>
<status status="PASS" starttime="20230412 19:49:18.956" endtime="20230412 19:49:18.976"/>
</kw>
<status status="PASS" starttime="20230412 19:49:18.955" endtime="20230412 19:49:18.976"/>
</kw>
<kw name="Close Browser" library="SeleniumLibrary" type="TEARDOWN">
<doc>Closes the current browser.</doc>
<status status="PASS" starttime="20230412 19:49:18.976" endtime="20230412 19:49:19.139"/>
</kw>
<status status="PASS" starttime="20230412 19:49:03.842" endtime="20230412 19:49:19.140"/>
</test>
<status status="PASS" starttime="20230412 19:48:46.910" endtime="20230412 19:49:19.142"/>
</suite>
<suite id="s1-s1-s2" name="Test Product" source="/Users/fatimazza/Belajar/QualityAssurance/RobotSeleniumTest/step/test_product.robot">
<test id="s1-s1-s2-t1" name="User Open Product Detail" line="15">
<kw name="Open The Browser" type="SETUP">
<kw name="Open Browser" library="SeleniumLibrary">
<arg>${url}</arg>
<arg>${browser}</arg>
<doc>Opens a new browser instance to the optional ``url``.</doc>
<msg timestamp="20230412 19:49:19.162" level="INFO">Opening browser 'chrome' to base url 'https://www.saucedemo.com/'.</msg>
<status status="PASS" starttime="20230412 19:49:19.161" endtime="20230412 19:49:22.439"/>
</kw>
<status status="PASS" starttime="20230412 19:49:19.160" endtime="20230412 19:49:22.439"/>
</kw>
<kw name="Input Username">
<kw name="Input Text" library="SeleniumLibrary">
<arg>${usernameField}</arg>
<arg>standard_user</arg>
<doc>Types the given ``text`` into the text field identified by ``locator``.</doc>
<msg timestamp="20230412 19:49:22.447" level="INFO">Typing text 'standard_user' into text field '//input[@id='user-name']'.</msg>
<status status="PASS" starttime="20230412 19:49:22.443" endtime="20230412 19:49:22.749"/>
</kw>
<status status="PASS" starttime="20230412 19:49:22.441" endtime="20230412 19:49:22.749"/>
</kw>
<kw name="Input Password">
<kw name="Input Text" library="SeleniumLibrary">
<arg>${passwordField}</arg>
<arg>secret_sauce</arg>
<doc>Types the given ``text`` into the text field identified by ``locator``.</doc>
<msg timestamp="20230412 19:49:22.750" level="INFO">Typing text 'secret_sauce' into text field '//input[@id='password']'.</msg>
<status status="PASS" starttime="20230412 19:49:22.750" endtime="20230412 19:49:22.893"/>
</kw>
<status status="PASS" starttime="20230412 19:49:22.749" endtime="20230412 19:49:22.893"/>
</kw>
<kw name="Click Button Login">
<kw name="Click Button" library="SeleniumLibrary">
<arg>${loginButton}</arg>
<doc>Clicks the button identified by ``locator``.</doc>
<msg timestamp="20230412 19:49:22.894" level="INFO">Clicking button '//input[@id='login-button']'.</msg>
<status status="PASS" starttime="20230412 19:49:22.893" endtime="20230412 19:49:23.051"/>
</kw>
<kw name="Sleep" library="BuiltIn">
<arg>3s</arg>
<doc>Pauses the test executed for the given time.</doc>
<msg timestamp="20230412 19:49:26.052" level="INFO">Slept 3 seconds</msg>
<status status="PASS" starttime="20230412 19:49:23.051" endtime="20230412 19:49:26.052"/>
</kw>
<status status="PASS" starttime="20230412 19:49:22.893" endtime="20230412 19:49:26.053"/>
</kw>
<kw name="Verify Login Website">
<kw name="Page Should Contain" library="SeleniumLibrary">
<arg>Products</arg>
<doc>Verifies that current page contains ``text``.</doc>
<msg timestamp="20230412 19:49:26.070" level="INFO">Current page contains text 'Products'.</msg>
<status status="PASS" starttime="20230412 19:49:26.053" endtime="20230412 19:49:26.070"/>
</kw>
<status status="PASS" starttime="20230412 19:49:26.053" endtime="20230412 19:49:26.070"/>
</kw>
<kw name="Click Third Product">
<kw name="Click Element" library="SeleniumLibrary">
<arg>${thirdProduct}</arg>
<doc>Click the element identified by ``locator``.</doc>
<msg timestamp="20230412 19:49:26.071" level="INFO">Clicking element 'css=.inventory_list .inventory_item:nth-of-type(3) .inventory_item_name'.</msg>
<status status="PASS" starttime="20230412 19:49:26.071" endtime="20230412 19:49:26.170"/>
</kw>
<kw name="Sleep" library="BuiltIn">
<arg>3s</arg>
<doc>Pauses the test executed for the given time.</doc>
<msg timestamp="20230412 19:49:29.171" level="INFO">Slept 3 seconds</msg>
<status status="PASS" starttime="20230412 19:49:26.170" endtime="20230412 19:49:29.171"/>
</kw>
<status status="PASS" starttime="20230412 19:49:26.070" endtime="20230412 19:49:29.171"/>
</kw>
<kw name="Verify Third Product Detail">
<kw name="Element Text Should Be" library="SeleniumLibrary">
<arg>${productDetailName}</arg>
<arg>Sauce Labs Bolt T-Shirt</arg>
<doc>Verifies that element ``locator`` contains exact the text ``expected``.</doc>
<msg timestamp="20230412 19:49:29.173" level="INFO">Verifying element 'css=div.inventory_details_name' contains exact text 'Sauce Labs Bolt T-Shirt'.</msg>
<status status="PASS" starttime="20230412 19:49:29.172" endtime="20230412 19:49:29.206"/>
</kw>
<kw name="Element Should Contain" library="SeleniumLibrary">
<arg>${productDetailDesc}</arg>
<arg>Get your testing superhero on with the Sauce Labs bolt T-shirt</arg>
<doc>Verifies that element ``locator`` contains text ``expected``.</doc>
<msg timestamp="20230412 19:49:29.230" level="INFO">Element 'css=div.inventory_details_desc' contains text 'Get your testing superhero on with the Sauce Labs bolt T-shirt'.</msg>
<status status="PASS" starttime="20230412 19:49:29.207" endtime="20230412 19:49:29.230"/>
</kw>
<kw name="Element Text Should Be" library="SeleniumLibrary">
<arg>${productDetailPrice}</arg>
<arg>$15.99</arg>
<doc>Verifies that element ``locator`` contains exact the text ``expected``.</doc>
<msg timestamp="20230412 19:49:29.231" level="INFO">Verifying element 'css=div.inventory_details_price' contains exact text '$15.99'.</msg>
<status status="PASS" starttime="20230412 19:49:29.230" endtime="20230412 19:49:29.257"/>
</kw>
<status status="PASS" starttime="20230412 19:49:29.172" endtime="20230412 19:49:29.257"/>
</kw>
<kw name="Close Browser" library="SeleniumLibrary" type="TEARDOWN">
<doc>Closes the current browser.</doc>
<status status="PASS" starttime="20230412 19:49:29.257" endtime="20230412 19:49:29.444"/>
</kw>
<status status="PASS" starttime="20230412 19:49:19.159" endtime="20230412 19:49:29.444"/>
</test>
<test id="s1-s1-s2-t2" name="User Add Product to Cart" line="25">
<kw name="Open The Browser" type="SETUP">
<kw name="Open Browser" library="SeleniumLibrary">
<arg>${url}</arg>
<arg>${browser}</arg>
<doc>Opens a new browser instance to the optional ``url``.</doc>
<msg timestamp="20230412 19:49:29.448" level="INFO">Opening browser 'chrome' to base url 'https://www.saucedemo.com/'.</msg>
<status status="PASS" starttime="20230412 19:49:29.447" endtime="20230412 19:49:32.743"/>
</kw>
<status status="PASS" starttime="20230412 19:49:29.447" endtime="20230412 19:49:32.744"/>
</kw>
<kw name="Input Username">
<kw name="Input Text" library="SeleniumLibrary">
<arg>${usernameField}</arg>
<arg>standard_user</arg>
<doc>Types the given ``text`` into the text field identified by ``locator``.</doc>
<msg timestamp="20230412 19:49:32.747" level="INFO">Typing text 'standard_user' into text field '//input[@id='user-name']'.</msg>
<status status="PASS" starttime="20230412 19:49:32.745" endtime="20230412 19:49:33.023"/>
</kw>
<status status="PASS" starttime="20230412 19:49:32.744" endtime="20230412 19:49:33.023"/>
</kw>
<kw name="Input Password">
<kw name="Input Text" library="SeleniumLibrary">
<arg>${passwordField}</arg>
<arg>secret_sauce</arg>
<doc>Types the given ``text`` into the text field identified by ``locator``.</doc>
<msg timestamp="20230412 19:49:33.025" level="INFO">Typing text 'secret_sauce' into text field '//input[@id='password']'.</msg>
<status status="PASS" starttime="20230412 19:49:33.024" endtime="20230412 19:49:33.169"/>
</kw>
<status status="PASS" starttime="20230412 19:49:33.024" endtime="20230412 19:49:33.169"/>
</kw>
<kw name="Click Button Login">
<kw name="Click Button" library="SeleniumLibrary">
<arg>${loginButton}</arg>
<doc>Clicks the button identified by ``locator``.</doc>
<msg timestamp="20230412 19:49:33.170" level="INFO">Clicking button '//input[@id='login-button']'.</msg>
<status status="PASS" starttime="20230412 19:49:33.170" endtime="20230412 19:49:33.324"/>
</kw>
<kw name="Sleep" library="BuiltIn">
<arg>3s</arg>
<doc>Pauses the test executed for the given time.</doc>
<msg timestamp="20230412 19:49:36.327" level="INFO">Slept 3 seconds</msg>
<status status="PASS" starttime="20230412 19:49:33.324" endtime="20230412 19:49:36.327"/>
</kw>
<status status="PASS" starttime="20230412 19:49:33.169" endtime="20230412 19:49:36.327"/>
</kw>
<kw name="Click Third Product">
<kw name="Click Element" library="SeleniumLibrary">
<arg>${thirdProduct}</arg>
<doc>Click the element identified by ``locator``.</doc>
<msg timestamp="20230412 19:49:36.328" level="INFO">Clicking element 'css=.inventory_list .inventory_item:nth-of-type(3) .inventory_item_name'.</msg>
<status status="PASS" starttime="20230412 19:49:36.328" endtime="20230412 19:49:36.424"/>
</kw>
<kw name="Sleep" library="BuiltIn">
<arg>3s</arg>
<doc>Pauses the test executed for the given time.</doc>
<msg timestamp="20230412 19:49:39.427" level="INFO">Slept 3 seconds</msg>
<status status="PASS" starttime="20230412 19:49:36.424" endtime="20230412 19:49:39.427"/>
</kw>
<status status="PASS" starttime="20230412 19:49:36.328" endtime="20230412 19:49:39.427"/>
</kw>
<kw name="Add Product to Cart">
<kw name="Click Element" library="SeleniumLibrary">
<arg>${addToCartButton}</arg>
<doc>Click the element identified by ``locator``.</doc>
<msg timestamp="20230412 19:49:39.429" level="INFO">Clicking element '//button[@class='btn btn_primary btn_small btn_inventory']'.</msg>
<status status="PASS" starttime="20230412 19:49:39.428" endtime="20230412 19:49:39.485"/>
</kw>
<kw name="Sleep" library="BuiltIn">
<arg>3s</arg>
<doc>Pauses the test executed for the given time.</doc>
<msg timestamp="20230412 19:49:42.487" level="INFO">Slept 3 seconds</msg>
<status status="PASS" starttime="20230412 19:49:39.485" endtime="20230412 19:49:42.487"/>
</kw>
<status status="PASS" starttime="20230412 19:49:39.428" endtime="20230412 19:49:42.488"/>
</kw>
<kw name="Open Cart Page">
<kw name="Click Element" library="SeleniumLibrary">
<arg>${shoppingCartButton}</arg>
<doc>Click the element identified by ``locator``.</doc>
<msg timestamp="20230412 19:49:42.489" level="INFO">Clicking element 'id=shopping_cart_container'.</msg>
<status status="PASS" starttime="20230412 19:49:42.488" endtime="20230412 19:49:42.560"/>
</kw>
<kw name="Sleep" library="BuiltIn">
<arg>3s</arg>
<doc>Pauses the test executed for the given time.</doc>
<msg timestamp="20230412 19:49:45.561" level="INFO">Slept 3 seconds</msg>
<status status="PASS" starttime="20230412 19:49:42.560" endtime="20230412 19:49:45.561"/>
</kw>
<status status="PASS" starttime="20230412 19:49:42.488" endtime="20230412 19:49:45.562"/>
</kw>
<kw name="Verify Product in Cart">
<kw name="Element Text Should Be" library="SeleniumLibrary">
<arg>${cartProductName}</arg>
<arg>Sauce Labs Bolt T-Shirt</arg>
<doc>Verifies that element ``locator`` contains exact the text ``expected``.</doc>
<msg timestamp="20230412 19:49:45.563" level="INFO">Verifying element 'css=div.inventory_item_name' contains exact text 'Sauce Labs Bolt T-Shirt'.</msg>
<status status="PASS" starttime="20230412 19:49:45.562" endtime="20230412 19:49:45.591"/>
</kw>
<kw name="Element Text Should Be" library="SeleniumLibrary">
<arg>${cartProductQuantity}</arg>
<arg>1</arg>
<doc>Verifies that element ``locator`` contains exact the text ``expected``.</doc>
<msg timestamp="20230412 19:49:45.592" level="INFO">Verifying element 'css=div.cart_quantity' contains exact text '1'.</msg>
<status status="PASS" starttime="20230412 19:49:45.591" endtime="20230412 19:49:45.614"/>
</kw>
<status status="PASS" starttime="20230412 19:49:45.562" endtime="20230412 19:49:45.614"/>
</kw>
<kw name="Close Browser" library="SeleniumLibrary" type="TEARDOWN">
<doc>Closes the current browser.</doc>
<status status="PASS" starttime="20230412 19:49:45.615" endtime="20230412 19:49:45.800"/>
</kw>
<status status="PASS" starttime="20230412 19:49:29.446" endtime="20230412 19:49:45.800"/>
</test>
<status status="PASS" starttime="20230412 19:49:19.145" endtime="20230412 19:49:45.802"/>
</suite>
<status status="PASS" starttime="20230412 19:48:46.908" endtime="20230412 19:49:45.804"/>
</suite>
<status status="PASS" starttime="20230412 19:48:46.878" endtime="20230412 19:49:45.806"/>
</suite>
<statistics>
<total>
<stat pass="5" fail="0" skip="0">All Tests</stat>
</total>
<tag>
</tag>
<suite>
<stat pass="5" fail="0" skip="0" id="s1" name="RobotSeleniumTest">RobotSeleniumTest</stat>
<stat pass="5" fail="0" skip="0" id="s1-s1" name="Step">RobotSeleniumTest.Step</stat>
<stat pass="3" fail="0" skip="0" id="s1-s1-s1" name="Test Login">RobotSeleniumTest.Step.Test Login</stat>
<stat pass="2" fail="0" skip="0" id="s1-s1-s2" name="Test Product">RobotSeleniumTest.Step.Test Product</stat>
</suite>
</statistics>
<errors>
</errors>
</robot>
